# JRE version: OpenJDK Runtime Environment (11.0.10) (build 11.0.10+0-b96-7249189)
# Java VM: OpenJDK 64-Bit Server VM (11.0.10+0-b96-7249189, mixed mode, tiered, compressed oops, g1 gc, windows-amd64)
Heap:
 garbage-first heap   total 196608K, used 122311K [0x0000000080000000, 0x0000000100000000)
  region size 1024K, 102 young (104448K), 13 survivors (13312K)
 Metaspace       used 47068K, capacity 48280K, committed 48460K, reserved 1091584K
  class space    used 6007K, capacity 6420K, committed 6476K, reserved 1048576K
GC Heap History (15 events):
Event: 0.973 GC heap before
{Heap before GC invocations=0 (full 0):
 garbage-first heap   total 196608K, used 19456K [0x0000000080000000, 0x0000000100000000)
  region size 1024K, 14 young (14336K), 0 survivors (0K)
 Metaspace       used 6724K, capacity 6925K, committed 7168K, reserved 1056768K
  class space    used 582K, capacity 650K, committed 768K, reserved 1048576K
}
Event: 0.979 GC heap after
{Heap after GC invocations=1 (full 0):
 garbage-first heap   total 196608K, used 8310K [0x0000000080000000, 0x0000000100000000)
  region size 1024K, 2 young (2048K), 2 survivors (2048K)
 Metaspace       used 6724K, capacity 6925K, committed 7168K, reserved 1056768K
  class space    used 582K, capacity 650K, committed 768K, reserved 1048576K
}
Event: 2.077 GC heap before
{Heap before GC invocations=1 (full 0):
 garbage-first heap   total 196608K, used 32886K [0x0000000080000000, 0x0000000100000000)
  region size 1024K, 26 young (26624K), 2 survivors (2048K)
 Metaspace       used 11104K, capacity 11380K, committed 11520K, reserved 1058816K
  class space    used 1165K, capacity 1245K, committed 1280K, reserved 1048576K
}
Event: 2.082 GC heap after
{Heap after GC invocations=2 (full 0):
 garbage-first heap   total 196608K, used 9526K [0x0000000080000000, 0x0000000100000000)
  region size 1024K, 4 young (4096K), 4 survivors (4096K)
 Metaspace       used 11104K, capacity 11380K, committed 11520K, reserved 1058816K
  class space    used 1165K, capacity 1245K, committed 1280K, reserved 1048576K
}
Event: 2.691 GC heap before
{Heap before GC invocations=2 (full 0):
 garbage-first heap   total 196608K, used 38198K [0x0000000080000000, 0x0000000100000000)
  region size 1024K, 32 young (32768K), 4 survivors (4096K)
 Metaspace       used 11308K, capacity 11628K, committed 11904K, reserved 1060864K
  class space    used 1193K, capacity 1285K, committed 1408K, reserved 1048576K
}
Event: 2.697 GC heap after
{Heap after GC invocations=3 (full 0):
 garbage-first heap   total 196608K, used 13710K [0x0000000080000000, 0x0000000100000000)
  region size 1024K, 4 young (4096K), 4 survivors (4096K)
 Metaspace       used 11308K, capacity 11628K, committed 11904K, reserved 1060864K
  class space    used 1193K, capacity 1285K, committed 1408K, reserved 1048576K
}
Event: 4.764 GC heap before
{Heap before GC invocations=3 (full 0):
 garbage-first heap   total 196608K, used 65934K [0x0000000080000000, 0x0000000100000000)
  region size 1024K, 56 young (57344K), 4 survivors (4096K)
 Metaspace       used 20577K, capacity 21092K, committed 21248K, reserved 1067008K
  class space    used 2506K, capacity 2690K, committed 2816K, reserved 1048576K
}
Event: 4.775 GC heap after
{Heap after GC invocations=4 (full 0):
 garbage-first heap   total 196608K, used 16511K [0x0000000080000000, 0x0000000100000000)
  region size 1024K, 7 young (7168K), 7 survivors (7168K)
 Metaspace       used 20577K, capacity 21092K, committed 21248K, reserved 1067008K
  class space    used 2506K, capacity 2690K, committed 2816K, reserved 1048576K
}
Event: 5.814 GC heap before
{Heap before GC invocations=5 (full 0):
 garbage-first heap   total 196608K, used 82047K [0x0000000080000000, 0x0000000100000000)
  region size 1024K, 71 young (72704K), 7 survivors (7168K)
 Metaspace       used 26690K, capacity 27365K, committed 27648K, reserved 1073152K
  class space    used 3519K, capacity 3789K, committed 3840K, reserved 1048576K
}
Event: 5.826 GC heap after
{Heap after GC invocations=6 (full 0):
 garbage-first heap   total 196608K, used 18693K [0x0000000080000000, 0x0000000100000000)
  region size 1024K, 5 young (5120K), 5 survivors (5120K)
 Metaspace       used 26690K, capacity 27365K, committed 27648K, reserved 1073152K
  class space    used 3519K, capacity 3789K, committed 3840K, reserved 1048576K
}
Event: 7.236 GC heap before
{Heap before GC invocations=6 (full 0):
 garbage-first heap   total 196608K, used 63749K [0x0000000080000000, 0x0000000100000000)
  region size 1024K, 50 young (51200K), 5 survivors (5120K)
 Metaspace       used 35083K, capacity 35826K, committed 35840K, reserved 1081344K
  class space    used 4545K, capacity 4864K, committed 4864K, reserved 1048576K
}
Event: 7.251 GC heap after
{Heap after GC invocations=7 (full 0):
 garbage-first heap   total 196608K, used 21765K [0x0000000080000000, 0x0000000100000000)
  region size 1024K, 8 young (8192K), 8 survivors (8192K)
 Metaspace       used 35083K, capacity 35826K, committed 35840K, reserved 1081344K
  class space    used 4545K, capacity 4864K, committed 4864K, reserved 1048576K
}
Event: 8.684 GC heap before
{Heap before GC invocations=8 (full 0):
 garbage-first heap   total 196608K, used 105733K [0x0000000080000000, 0x0000000100000000)
  region size 1024K, 88 young (90112K), 8 survivors (8192K)
 Metaspace       used 40786K, capacity 41710K, committed 42060K, reserved 1085440K
  class space    used 5260K, capacity 5600K, committed 5708K, reserved 1048576K
}
Event: 8.707 GC heap after
{Heap after GC invocations=9 (full 0):
 garbage-first heap   total 196608K, used 28115K [0x0000000080000000, 0x0000000100000000)
  region size 1024K, 11 young (11264K), 11 survivors (11264K)
 Metaspace       used 40786K, capacity 41710K, committed 42060K, reserved 1085440K
  class space    used 5260K, capacity 5600K, committed 5708K, reserved 1048576K
}
Event: 11.108 GC heap before
{Heap before GC invocations=9 (full 0):
 garbage-first heap   total 196608K, used 121299K [0x0000000080000000, 0x0000000100000000)
  region size 1024K, 100 young (102400K), 11 survivors (11264K)
 Metaspace       used 47068K, capacity 48280K, committed 48460K, reserved 1091584K
  class space    used 6007K, capacity 6420K, committed 6476K, reserved 1048576K
}

