# JRE version: OpenJDK Runtime Environment (11.0.10) (build 11.0.10+0-b96-7249189)
# Java VM: OpenJDK 64-Bit Server VM (11.0.10+0-b96-7249189, mixed mode, tiered, compressed oops, g1 gc, windows-amd64)
Heap:
 garbage-first heap   total 157696K, used 99816K [0x0000000080000000, 0x0000000100000000)
  region size 1024K, 70 young (71680K), 3 survivors (3072K)
 Metaspace       used 48720K, capacity 50107K, committed 50128K, reserved 1093632K
  class space    used 6179K, capacity 6637K, committed 6656K, reserved 1048576K
GC Heap History (20 events):
Event: 0.921 GC heap before
{Heap before GC invocations=0 (full 0):
 garbage-first heap   total 131072K, used 19456K [0x0000000080000000, 0x0000000100000000)
  region size 1024K, 14 young (14336K), 0 survivors (0K)
 Metaspace       used 6720K, capacity 6921K, committed 7168K, reserved 1056768K
  class space    used 582K, capacity 650K, committed 768K, reserved 1048576K
}
Event: 0.927 GC heap after
{Heap after GC invocations=1 (full 0):
 garbage-first heap   total 131072K, used 7866K [0x0000000080000000, 0x0000000100000000)
  region size 1024K, 2 young (2048K), 2 survivors (2048K)
 Metaspace       used 6720K, capacity 6921K, committed 7168K, reserved 1056768K
  class space    used 582K, capacity 650K, committed 768K, reserved 1048576K
}
Event: 1.474 GC heap before
{Heap before GC invocations=1 (full 0):
 garbage-first heap   total 131072K, used 19130K [0x0000000080000000, 0x0000000100000000)
  region size 1024K, 13 young (13312K), 2 survivors (2048K)
 Metaspace       used 10201K, capacity 10423K, committed 10624K, reserved 1058816K
  class space    used 1066K, capacity 1141K, committed 1152K, reserved 1048576K
}
Event: 1.479 GC heap after
{Heap after GC invocations=2 (full 0):
 garbage-first heap   total 131072K, used 9229K [0x0000000080000000, 0x0000000100000000)
  region size 1024K, 2 young (2048K), 2 survivors (2048K)
 Metaspace       used 10201K, capacity 10423K, committed 10624K, reserved 1058816K
  class space    used 1066K, capacity 1141K, committed 1152K, reserved 1048576K
}
Event: 2.390 GC heap before
{Heap before GC invocations=2 (full 0):
 garbage-first heap   total 131072K, used 38925K [0x0000000080000000, 0x0000000100000000)
  region size 1024K, 31 young (31744K), 2 survivors (2048K)
 Metaspace       used 11152K, capacity 11440K, committed 11520K, reserved 1058816K
  class space    used 1168K, capacity 1245K, committed 1280K, reserved 1048576K
}
Event: 2.395 GC heap after
{Heap after GC invocations=3 (full 0):
 garbage-first heap   total 131072K, used 12704K [0x0000000080000000, 0x0000000100000000)
  region size 1024K, 4 young (4096K), 4 survivors (4096K)
 Metaspace       used 11152K, capacity 11440K, committed 11520K, reserved 1058816K
  class space    used 1168K, capacity 1245K, committed 1280K, reserved 1048576K
}
Event: 4.872 GC heap before
{Heap before GC invocations=3 (full 0):
 garbage-first heap   total 131072K, used 72096K [0x0000000080000000, 0x0000000100000000)
  region size 1024K, 62 young (63488K), 4 survivors (4096K)
 Metaspace       used 19406K, capacity 19849K, committed 19968K, reserved 1067008K
  class space    used 2364K, capacity 2506K, committed 2560K, reserved 1048576K
}
Event: 4.883 GC heap after
{Heap after GC invocations=4 (full 0):
 garbage-first heap   total 131072K, used 16069K [0x0000000080000000, 0x0000000100000000)
  region size 1024K, 8 young (8192K), 8 survivors (8192K)
 Metaspace       used 19406K, capacity 19849K, committed 19968K, reserved 1067008K
  class space    used 2364K, capacity 2506K, committed 2560K, reserved 1048576K
}
Event: 5.083 GC heap before
{Heap before GC invocations=4 (full 0):
 garbage-first heap   total 131072K, used 23237K [0x0000000080000000, 0x0000000100000000)
  region size 1024K, 16 young (16384K), 8 survivors (8192K)
 Metaspace       used 20539K, capacity 21120K, committed 21296K, reserved 1069056K
  class space    used 2502K, capacity 2658K, committed 2688K, reserved 1048576K
}
Event: 5.096 GC heap after
{Heap after GC invocations=5 (full 0):
 garbage-first heap   total 131072K, used 16819K [0x0000000080000000, 0x0000000100000000)
  region size 1024K, 1 young (1024K), 1 survivors (1024K)
 Metaspace       used 20539K, capacity 21120K, committed 21296K, reserved 1069056K
  class space    used 2502K, capacity 2658K, committed 2688K, reserved 1048576K
}
Event: 6.220 GC heap before
{Heap before GC invocations=6 (full 0):
 garbage-first heap   total 131072K, used 63923K [0x0000000080000000, 0x0000000100000000)
  region size 1024K, 47 young (48128K), 1 survivors (1024K)
 Metaspace       used 25367K, capacity 26030K, committed 26112K, reserved 1071104K
  class space    used 3302K, capacity 3534K, committed 3584K, reserved 1048576K
}
Event: 6.227 GC heap after
{Heap after GC invocations=7 (full 0):
 garbage-first heap   total 157696K, used 18014K [0x0000000080000000, 0x0000000100000000)
  region size 1024K, 2 young (2048K), 2 survivors (2048K)
 Metaspace       used 25367K, capacity 26030K, committed 26112K, reserved 1071104K
  class space    used 3302K, capacity 3534K, committed 3584K, reserved 1048576K
}
Event: 8.833 GC heap before
{Heap before GC invocations=7 (full 0):
 garbage-first heap   total 157696K, used 80478K [0x0000000080000000, 0x0000000100000000)
  region size 1024K, 63 young (64512K), 2 survivors (2048K)
 Metaspace       used 34812K, capacity 35598K, committed 35840K, reserved 1081344K
  class space    used 4536K, capacity 4832K, committed 4864K, reserved 1048576K
}
Event: 8.853 GC heap after
{Heap after GC invocations=8 (full 0):
 garbage-first heap   total 157696K, used 21617K [0x0000000080000000, 0x0000000100000000)
  region size 1024K, 6 young (6144K), 6 survivors (6144K)
 Metaspace       used 34812K, capacity 35598K, committed 35840K, reserved 1081344K
  class space    used 4536K, capacity 4832K, committed 4864K, reserved 1048576K
}
Event: 9.009 GC heap before
{Heap before GC invocations=8 (full 0):
 garbage-first heap   total 157696K, used 21617K [0x0000000080000000, 0x0000000100000000)
  region size 1024K, 8 young (8192K), 6 survivors (6144K)
 Metaspace       used 35159K, capacity 35951K, committed 36048K, reserved 1081344K
  class space    used 4551K, capacity 4864K, committed 4864K, reserved 1048576K
}
Event: 9.026 GC heap after
{Heap after GC invocations=9 (full 0):
 garbage-first heap   total 157696K, used 21901K [0x0000000080000000, 0x0000000100000000)
  region size 1024K, 4 young (4096K), 4 survivors (4096K)
 Metaspace       used 35159K, capacity 35951K, committed 36048K, reserved 1081344K
  class space    used 4551K, capacity 4864K, committed 4864K, reserved 1048576K
}
Event: 11.197 GC heap before
{Heap before GC invocations=10 (full 0):
 garbage-first heap   total 157696K, used 88461K [0x0000000080000000, 0x0000000100000000)
  region size 1024K, 67 young (68608K), 4 survivors (4096K)
 Metaspace       used 39526K, capacity 40423K, committed 40784K, reserved 1085440K
  class space    used 5039K, capacity 5392K, committed 5504K, reserved 1048576K
}
Event: 11.214 GC heap after
{Heap after GC invocations=11 (full 0):
 garbage-first heap   total 157696K, used 26960K [0x0000000080000000, 0x0000000100000000)
  region size 1024K, 9 young (9216K), 9 survivors (9216K)
 Metaspace       used 39526K, capacity 40423K, committed 40784K, reserved 1085440K
  class space    used 5039K, capacity 5392K, committed 5504K, reserved 1048576K
}
Event: 13.121 GC heap before
{Heap before GC invocations=11 (full 0):
 garbage-first heap   total 157696K, used 94544K [0x0000000080000000, 0x0000000100000000)
  region size 1024K, 75 young (76800K), 9 survivors (9216K)
 Metaspace       used 45506K, capacity 46664K, committed 46928K, reserved 1089536K
  class space    used 5841K, capacity 6231K, committed 6272K, reserved 1048576K
}
Event: 13.144 GC heap after
{Heap after GC invocations=12 (full 0):
 garbage-first heap   total 157696K, used 29160K [0x0000000080000000, 0x0000000100000000)
  region size 1024K, 3 young (3072K), 3 survivors (3072K)
 Metaspace       used 45506K, capacity 46664K, committed 46928K, reserved 1089536K
  class space    used 5841K, capacity 6231K, committed 6272K, reserved 1048576K
}

