# JRE version: OpenJDK Runtime Environment (11.0.10) (build 11.0.10+0-b96-7249189)
# Java VM: OpenJDK 64-Bit Server VM (11.0.10+0-b96-7249189, mixed mode, tiered, compressed oops, g1 gc, windows-amd64)
Heap:
 garbage-first heap   total 236544K, used 176125K [0x0000000080000000, 0x0000000100000000)
  region size 1024K, 111 young (113664K), 7 survivors (7168K)
 Metaspace       used 80766K, capacity 82940K, committed 83276K, reserved 1122304K
  class space    used 10473K, capacity 11233K, committed 11340K, reserved 1048576K
GC Heap History (20 events):
Event: 4.115 GC heap after
{Heap after GC invocations=4 (full 0):
 garbage-first heap   total 196608K, used 16523K [0x0000000080000000, 0x0000000100000000)
  region size 1024K, 8 young (8192K), 8 survivors (8192K)
 Metaspace       used 20032K, capacity 20553K, committed 20864K, reserved 1067008K
  class space    used 2436K, capacity 2613K, committed 2688K, reserved 1048576K
}
Event: 4.198 GC heap before
{Heap before GC invocations=4 (full 0):
 garbage-first heap   total 196608K, used 19595K [0x0000000080000000, 0x0000000100000000)
  region size 1024K, 12 young (12288K), 8 survivors (8192K)
 Metaspace       used 20595K, capacity 21092K, committed 21248K, reserved 1067008K
  class space    used 2506K, capacity 2690K, committed 2816K, reserved 1048576K
}
Event: 4.207 GC heap after
{Heap after GC invocations=5 (full 0):
 garbage-first heap   total 196608K, used 16650K [0x0000000080000000, 0x0000000100000000)
  region size 1024K, 5 young (5120K), 5 survivors (5120K)
 Metaspace       used 20595K, capacity 21092K, committed 21248K, reserved 1067008K
  class space    used 2506K, capacity 2690K, committed 2816K, reserved 1048576K
}
Event: 5.163 GC heap before
{Heap before GC invocations=6 (full 0):
 garbage-first heap   total 196608K, used 65802K [0x0000000080000000, 0x0000000100000000)
  region size 1024K, 53 young (54272K), 5 survivors (5120K)
 Metaspace       used 25659K, capacity 26328K, committed 26368K, reserved 1073152K
  class space    used 3349K, capacity 3568K, committed 3584K, reserved 1048576K
}
Event: 5.175 GC heap after
{Heap after GC invocations=7 (full 0):
 garbage-first heap   total 196608K, used 18534K [0x0000000080000000, 0x0000000100000000)
  region size 1024K, 3 young (3072K), 3 survivors (3072K)
 Metaspace       used 25659K, capacity 26328K, committed 26368K, reserved 1073152K
  class space    used 3349K, capacity 3568K, committed 3584K, reserved 1048576K
}
Event: 6.558 GC heap before
{Heap before GC invocations=7 (full 0):
 garbage-first heap   total 196608K, used 79974K [0x0000000080000000, 0x0000000100000000)
  region size 1024K, 65 young (66560K), 3 survivors (3072K)
 Metaspace       used 35080K, capacity 35826K, committed 35840K, reserved 1081344K
  class space    used 4541K, capacity 4864K, committed 4864K, reserved 1048576K
}
Event: 6.574 GC heap after
{Heap after GC invocations=8 (full 0):
 garbage-first heap   total 196608K, used 21886K [0x0000000080000000, 0x0000000100000000)
  region size 1024K, 6 young (6144K), 6 survivors (6144K)
 Metaspace       used 35080K, capacity 35826K, committed 35840K, reserved 1081344K
  class space    used 4541K, capacity 4864K, committed 4864K, reserved 1048576K
}
Event: 8.586 GC heap before
{Heap before GC invocations=9 (full 0):
 garbage-first heap   total 196608K, used 109950K [0x0000000080000000, 0x0000000100000000)
  region size 1024K, 90 young (92160K), 6 survivors (6144K)
 Metaspace       used 41370K, capacity 42415K, committed 42700K, reserved 1085440K
  class space    used 5345K, capacity 5707K, committed 5836K, reserved 1048576K
}
Event: 8.607 GC heap after
{Heap after GC invocations=10 (full 0):
 garbage-first heap   total 196608K, used 28005K [0x0000000080000000, 0x0000000100000000)
  region size 1024K, 12 young (12288K), 12 survivors (12288K)
 Metaspace       used 41370K, capacity 42415K, committed 42700K, reserved 1085440K
  class space    used 5345K, capacity 5707K, committed 5836K, reserved 1048576K
}
Event: 15.840 GC heap before
{Heap before GC invocations=10 (full 0):
 garbage-first heap   total 196608K, used 123237K [0x0000000080000000, 0x0000000100000000)
  region size 1024K, 100 young (102400K), 12 survivors (12288K)
 Metaspace       used 47287K, capacity 48521K, committed 48716K, reserved 1091584K
  class space    used 6030K, capacity 6458K, committed 6476K, reserved 1048576K
}
Event: 15.869 GC heap after
{Heap after GC invocations=11 (full 0):
 garbage-first heap   total 236544K, used 39972K [0x0000000080000000, 0x0000000100000000)
  region size 1024K, 13 young (13312K), 13 survivors (13312K)
 Metaspace       used 47287K, capacity 48521K, committed 48716K, reserved 1091584K
  class space    used 6030K, capacity 6458K, committed 6476K, reserved 1048576K
}
Event: 19.787 GC heap before
{Heap before GC invocations=11 (full 0):
 garbage-first heap   total 236544K, used 120868K [0x0000000080000000, 0x0000000100000000)
  region size 1024K, 93 young (95232K), 13 survivors (13312K)
 Metaspace       used 58638K, capacity 60139K, committed 60236K, reserved 1101824K
  class space    used 7426K, capacity 7970K, committed 8012K, reserved 1048576K
}
Event: 19.816 GC heap after
{Heap after GC invocations=12 (full 0):
 garbage-first heap   total 236544K, used 44768K [0x0000000080000000, 0x0000000100000000)
  region size 1024K, 13 young (13312K), 13 survivors (13312K)
 Metaspace       used 58638K, capacity 60139K, committed 60236K, reserved 1101824K
  class space    used 7426K, capacity 7970K, committed 8012K, reserved 1048576K
}
Event: 22.693 GC heap before
{Heap before GC invocations=13 (full 0):
 garbage-first heap   total 236544K, used 148192K [0x0000000080000000, 0x0000000100000000)
  region size 1024K, 114 young (116736K), 13 survivors (13312K)
 Metaspace       used 65798K, capacity 67494K, committed 67660K, reserved 1107968K
  class space    used 8420K, capacity 9018K, committed 9036K, reserved 1048576K
}
Event: 22.735 GC heap after
{Heap after GC invocations=14 (full 0):
 garbage-first heap   total 236544K, used 53760K [0x0000000080000000, 0x0000000100000000)
  region size 1024K, 13 young (13312K), 13 survivors (13312K)
 Metaspace       used 65798K, capacity 67494K, committed 67660K, reserved 1107968K
  class space    used 8420K, capacity 9018K, committed 9036K, reserved 1048576K
}
Event: 25.262 GC heap before
{Heap before GC invocations=15 (full 0):
 garbage-first heap   total 236544K, used 161280K [0x0000000080000000, 0x0000000100000000)
  region size 1024K, 118 young (120832K), 13 survivors (13312K)
 Metaspace       used 74832K, capacity 76598K, committed 76748K, reserved 1116160K
  class space    used 9765K, capacity 10387K, committed 10444K, reserved 1048576K
}
Event: 25.295 GC heap after
{Heap after GC invocations=16 (full 0):
 garbage-first heap   total 236544K, used 60928K [0x0000000080000000, 0x0000000100000000)
  region size 1024K, 8 young (8192K), 8 survivors (8192K)
 Metaspace       used 74832K, capacity 76598K, committed 76748K, reserved 1116160K
  class space    used 9765K, capacity 10387K, committed 10444K, reserved 1048576K
}
Event: 28.857 GC heap before
{Heap before GC invocations=16 (full 0):
 garbage-first heap   total 236544K, used 170496K [0x0000000080000000, 0x0000000100000000)
  region size 1024K, 115 young (117760K), 8 survivors (8192K)
 Metaspace       used 79903K, capacity 81869K, committed 82124K, reserved 1120256K
  class space    used 10422K, capacity 11139K, committed 11212K, reserved 1048576K
}
Event: 28.886 GC heap after
{Heap after GC invocations=17 (full 0):
 garbage-first heap   total 236544K, used 69629K [0x0000000080000000, 0x0000000100000000)
  region size 1024K, 15 young (15360K), 15 survivors (15360K)
 Metaspace       used 79903K, capacity 81869K, committed 82124K, reserved 1120256K
  class space    used 10422K, capacity 11139K, committed 11212K, reserved 1048576K
}
Event: 32.705 GC heap before
{Heap before GC invocations=17 (full 0):
 garbage-first heap   total 236544K, used 175101K [0x0000000080000000, 0x0000000100000000)
  region size 1024K, 119 young (121856K), 15 survivors (15360K)
 Metaspace       used 80766K, capacity 82940K, committed 83276K, reserved 1122304K
  class space    used 10473K, capacity 11233K, committed 11340K, reserved 1048576K
}

