# JRE version: OpenJDK Runtime Environment (11.0.10) (build 11.0.10+0-b96-7249189)
# Java VM: OpenJDK 64-Bit Server VM (11.0.10+0-b96-7249189, mixed mode, tiered, compressed oops, g1 gc, windows-amd64)
Heap:
 garbage-first heap   total 189440K, used 151444K [0x0000000080000000, 0x0000000100000000)
  region size 1024K, 74 young (75776K), 4 survivors (4096K)
 Metaspace       used 81288K, capacity 83550K, committed 83660K, reserved 1122304K
  class space    used 10547K, capacity 11359K, committed 11468K, reserved 1048576K
GC Heap History (20 events):
Event: 16.198 GC heap after
{Heap after GC invocations=12 (full 0):
 garbage-first heap   total 157696K, used 40393K [0x0000000080000000, 0x0000000100000000)
  region size 1024K, 12 young (12288K), 12 survivors (12288K)
 Metaspace       used 56170K, capacity 57628K, committed 57932K, reserved 1099776K
  class space    used 7109K, capacity 7621K, committed 7756K, reserved 1048576K
}
Event: 17.433 GC heap before
{Heap before GC invocations=12 (full 0):
 garbage-first heap   total 157696K, used 54729K [0x0000000080000000, 0x0000000100000000)
  region size 1024K, 27 young (27648K), 12 survivors (12288K)
 Metaspace       used 58502K, capacity 60018K, committed 60236K, reserved 1101824K
  class space    used 7418K, capacity 7972K, committed 8012K, reserved 1048576K
}
Event: 17.461 GC heap after
{Heap after GC invocations=13 (full 0):
 garbage-first heap   total 189440K, used 42693K [0x0000000080000000, 0x0000000100000000)
  region size 1024K, 3 young (3072K), 3 survivors (3072K)
 Metaspace       used 58502K, capacity 60018K, committed 60236K, reserved 1101824K
  class space    used 7418K, capacity 7972K, committed 8012K, reserved 1048576K
}
Event: 19.967 GC heap before
{Heap before GC invocations=14 (full 0):
 garbage-first heap   total 189440K, used 109253K [0x0000000080000000, 0x0000000100000000)
  region size 1024K, 68 young (69632K), 3 survivors (3072K)
 Metaspace       used 63506K, capacity 65107K, committed 65356K, reserved 1105920K
  class space    used 8079K, capacity 8648K, committed 8780K, reserved 1048576K
}
Event: 19.985 GC heap after
{Heap after GC invocations=15 (full 0):
 garbage-first heap   total 189440K, used 46812K [0x0000000080000000, 0x0000000100000000)
  region size 1024K, 7 young (7168K), 7 survivors (7168K)
 Metaspace       used 63506K, capacity 65107K, committed 65356K, reserved 1105920K
  class space    used 8079K, capacity 8648K, committed 8780K, reserved 1048576K
}
Event: 22.225 GC heap before
{Heap before GC invocations=16 (full 0):
 garbage-first heap   total 189440K, used 116444K [0x0000000080000000, 0x0000000100000000)
  region size 1024K, 75 young (76800K), 7 survivors (7168K)
 Metaspace       used 68799K, capacity 70467K, committed 70732K, reserved 1110016K
  class space    used 8907K, capacity 9511K, committed 9548K, reserved 1048576K
}
Event: 22.248 GC heap after
{Heap after GC invocations=17 (full 0):
 garbage-first heap   total 189440K, used 52287K [0x0000000080000000, 0x0000000100000000)
  region size 1024K, 6 young (6144K), 6 survivors (6144K)
 Metaspace       used 68799K, capacity 70467K, committed 70732K, reserved 1110016K
  class space    used 8907K, capacity 9511K, committed 9548K, reserved 1048576K
}
Event: 24.072 GC heap before
{Heap before GC invocations=17 (full 0):
 garbage-first heap   total 189440K, used 123967K [0x0000000080000000, 0x0000000100000000)
  region size 1024K, 76 young (77824K), 6 survivors (6144K)
 Metaspace       used 73559K, capacity 75295K, committed 75340K, reserved 1114112K
  class space    used 9636K, capacity 10271K, committed 10316K, reserved 1048576K
}
Event: 24.090 GC heap after
{Heap after GC invocations=18 (full 0):
 garbage-first heap   total 189440K, used 56847K [0x0000000080000000, 0x0000000100000000)
  region size 1024K, 5 young (5120K), 5 survivors (5120K)
 Metaspace       used 73559K, capacity 75295K, committed 75340K, reserved 1114112K
  class space    used 9636K, capacity 10271K, committed 10316K, reserved 1048576K
}
Event: 30.247 GC heap before
{Heap before GC invocations=18 (full 0):
 garbage-first heap   total 189440K, used 130575K [0x0000000080000000, 0x0000000100000000)
  region size 1024K, 77 young (78848K), 5 survivors (5120K)
 Metaspace       used 79178K, capacity 81135K, committed 81484K, reserved 1120256K
  class space    used 10327K, capacity 10982K, committed 11084K, reserved 1048576K
}
Event: 30.268 GC heap after
{Heap after GC invocations=19 (full 0):
 garbage-first heap   total 189440K, used 62980K [0x0000000080000000, 0x0000000100000000)
  region size 1024K, 10 young (10240K), 10 survivors (10240K)
 Metaspace       used 79178K, capacity 81135K, committed 81484K, reserved 1120256K
  class space    used 10327K, capacity 10982K, committed 11084K, reserved 1048576K
}
Event: 37.870 GC heap before
{Heap before GC invocations=19 (full 0):
 garbage-first heap   total 189440K, used 134660K [0x0000000080000000, 0x0000000100000000)
  region size 1024K, 81 young (82944K), 10 survivors (10240K)
 Metaspace       used 80247K, capacity 82384K, committed 82636K, reserved 1120256K
  class space    used 10456K, capacity 11211K, committed 11212K, reserved 1048576K
}
Event: 37.897 GC heap after
{Heap after GC invocations=20 (full 0):
 garbage-first heap   total 189440K, used 68004K [0x0000000080000000, 0x0000000100000000)
  region size 1024K, 5 young (5120K), 5 survivors (5120K)
 Metaspace       used 80247K, capacity 82384K, committed 82636K, reserved 1120256K
  class space    used 10456K, capacity 11211K, committed 11212K, reserved 1048576K
}
Event: 42.029 GC heap before
{Heap before GC invocations=20 (full 0):
 garbage-first heap   total 189440K, used 138660K [0x0000000080000000, 0x0000000100000000)
  region size 1024K, 75 young (76800K), 5 survivors (5120K)
 Metaspace       used 80860K, capacity 83028K, committed 83276K, reserved 1122304K
  class space    used 10506K, capacity 11303K, committed 11340K, reserved 1048576K
}
Event: 42.045 GC heap after
{Heap after GC invocations=21 (full 0):
 garbage-first heap   total 189440K, used 71900K [0x0000000080000000, 0x0000000100000000)
  region size 1024K, 9 young (9216K), 9 survivors (9216K)
 Metaspace       used 80860K, capacity 83028K, committed 83276K, reserved 1122304K
  class space    used 10506K, capacity 11303K, committed 11340K, reserved 1048576K
}
Event: 49.710 GC heap before
{Heap before GC invocations=21 (full 0):
 garbage-first heap   total 189440K, used 142556K [0x0000000080000000, 0x0000000100000000)
  region size 1024K, 79 young (80896K), 9 survivors (9216K)
 Metaspace       used 81104K, capacity 83314K, committed 83660K, reserved 1122304K
  class space    used 10534K, capacity 11348K, committed 11468K, reserved 1048576K
}
Event: 49.731 GC heap after
{Heap after GC invocations=22 (full 0):
 garbage-first heap   total 189440K, used 75908K [0x0000000080000000, 0x0000000100000000)
  region size 1024K, 9 young (9216K), 9 survivors (9216K)
 Metaspace       used 81104K, capacity 83314K, committed 83660K, reserved 1122304K
  class space    used 10534K, capacity 11348K, committed 11468K, reserved 1048576K
}
Event: 52.149 GC heap before
{Heap before GC invocations=22 (full 0):
 garbage-first heap   total 189440K, used 146564K [0x0000000080000000, 0x0000000100000000)
  region size 1024K, 79 young (80896K), 9 survivors (9216K)
 Metaspace       used 81219K, capacity 83477K, committed 83660K, reserved 1122304K
  class space    used 10545K, capacity 11357K, committed 11468K, reserved 1048576K
}
Event: 52.167 GC heap after
{Heap after GC invocations=23 (full 0):
 garbage-first heap   total 189440K, used 79764K [0x0000000080000000, 0x0000000100000000)
  region size 1024K, 8 young (8192K), 8 survivors (8192K)
 Metaspace       used 81219K, capacity 83477K, committed 83660K, reserved 1122304K
  class space    used 10545K, capacity 11357K, committed 11468K, reserved 1048576K
}
Event: 55.855 GC heap before
{Heap before GC invocations=23 (full 0):
 garbage-first heap   total 189440K, used 150420K [0x0000000080000000, 0x0000000100000000)
  region size 1024K, 78 young (79872K), 8 survivors (8192K)
 Metaspace       used 81288K, capacity 83550K, committed 83660K, reserved 1122304K
  class space    used 10547K, capacity 11359K, committed 11468K, reserved 1048576K
}

