# JRE version: OpenJDK Runtime Environment (11.0.10) (build 11.0.10+0-b96-7249189)
# Java VM: OpenJDK 64-Bit Server VM (11.0.10+0-b96-7249189, mixed mode, tiered, compressed oops, g1 gc, windows-amd64)
Heap:
 garbage-first heap   total 236544K, used 97930K [0x0000000080000000, 0x0000000100000000)
  region size 1024K, 49 young (50176K), 10 survivors (10240K)
 Metaspace       used 76461K, capacity 78259K, committed 78456K, reserved 1118208K
  class space    used 9963K, capacity 10614K, committed 10700K, reserved 1048576K
GC Heap History (20 events):
Event: 1.400 GC heap before
{Heap before GC invocations=1 (full 0):
 garbage-first heap   total 196608K, used 20168K [0x0000000080000000, 0x0000000100000000)
  region size 1024K, 14 young (14336K), 2 survivors (2048K)
 Metaspace       used 10228K, capacity 10427K, committed 10624K, reserved 1058816K
  class space    used 1066K, capacity 1141K, committed 1152K, reserved 1048576K
}
Event: 1.405 GC heap after
{Heap after GC invocations=2 (full 0):
 garbage-first heap   total 196608K, used 9296K [0x0000000080000000, 0x0000000100000000)
  region size 1024K, 2 young (2048K), 2 survivors (2048K)
 Metaspace       used 10228K, capacity 10427K, committed 10624K, reserved 1058816K
  class space    used 1066K, capacity 1141K, committed 1152K, reserved 1048576K
}
Event: 2.158 GC heap before
{Heap before GC invocations=2 (full 0):
 garbage-first heap   total 196608K, used 41040K [0x0000000080000000, 0x0000000100000000)
  region size 1024K, 33 young (33792K), 2 survivors (2048K)
 Metaspace       used 11179K, capacity 11444K, committed 11520K, reserved 1058816K
  class space    used 1168K, capacity 1245K, committed 1280K, reserved 1048576K
}
Event: 2.163 GC heap after
{Heap after GC invocations=3 (full 0):
 garbage-first heap   total 196608K, used 12211K [0x0000000080000000, 0x0000000100000000)
  region size 1024K, 5 young (5120K), 5 survivors (5120K)
 Metaspace       used 11179K, capacity 11444K, committed 11520K, reserved 1058816K
  class space    used 1168K, capacity 1245K, committed 1280K, reserved 1048576K
}
Event: 4.624 GC heap before
{Heap before GC invocations=3 (full 0):
 garbage-first heap   total 196608K, used 74675K [0x0000000080000000, 0x0000000100000000)
  region size 1024K, 67 young (68608K), 5 survivors (5120K)
 Metaspace       used 20603K, capacity 21092K, committed 21248K, reserved 1067008K
  class space    used 2510K, capacity 2690K, committed 2816K, reserved 1048576K
}
Event: 4.639 GC heap after
{Heap after GC invocations=4 (full 0):
 garbage-first heap   total 196608K, used 16791K [0x0000000080000000, 0x0000000100000000)
  region size 1024K, 9 young (9216K), 9 survivors (9216K)
 Metaspace       used 20603K, capacity 21092K, committed 21248K, reserved 1067008K
  class space    used 2510K, capacity 2690K, committed 2816K, reserved 1048576K
}
Event: 7.779 GC heap before
{Heap before GC invocations=5 (full 0):
 garbage-first heap   total 196608K, used 125335K [0x0000000080000000, 0x0000000100000000)
  region size 1024K, 115 young (117760K), 9 survivors (9216K)
 Metaspace       used 34289K, capacity 35039K, committed 35200K, reserved 1079296K
  class space    used 4456K, capacity 4730K, committed 4736K, reserved 1048576K
}
Event: 7.797 GC heap after
{Heap after GC invocations=6 (full 0):
 garbage-first heap   total 196608K, used 22232K [0x0000000080000000, 0x0000000100000000)
  region size 1024K, 13 young (13312K), 13 survivors (13312K)
 Metaspace       used 34289K, capacity 35039K, committed 35200K, reserved 1079296K
  class space    used 4456K, capacity 4730K, committed 4736K, reserved 1048576K
}
Event: 7.953 GC heap before
{Heap before GC invocations=6 (full 0):
 garbage-first heap   total 196608K, used 26328K [0x0000000080000000, 0x0000000100000000)
  region size 1024K, 18 young (18432K), 13 survivors (13312K)
 Metaspace       used 35070K, capacity 35826K, committed 35840K, reserved 1081344K
  class space    used 4541K, capacity 4864K, committed 4864K, reserved 1048576K
}
Event: 7.970 GC heap after
{Heap after GC invocations=7 (full 0):
 garbage-first heap   total 196608K, used 22293K [0x0000000080000000, 0x0000000100000000)
  region size 1024K, 6 young (6144K), 6 survivors (6144K)
 Metaspace       used 35070K, capacity 35826K, committed 35840K, reserved 1081344K
  class space    used 4541K, capacity 4864K, committed 4864K, reserved 1048576K
}
Event: 10.881 GC heap before
{Heap before GC invocations=8 (full 0):
 garbage-first heap   total 196608K, used 138005K [0x0000000080000000, 0x0000000100000000)
  region size 1024K, 115 young (117760K), 6 survivors (6144K)
 Metaspace       used 43859K, capacity 44933K, committed 45260K, reserved 1089536K
  class space    used 5604K, capacity 5972K, committed 6092K, reserved 1048576K
}
Event: 10.910 GC heap after
{Heap after GC invocations=9 (full 0):
 garbage-first heap   total 196608K, used 28904K [0x0000000080000000, 0x0000000100000000)
  region size 1024K, 13 young (13312K), 13 survivors (13312K)
 Metaspace       used 43859K, capacity 44933K, committed 45260K, reserved 1089536K
  class space    used 5604K, capacity 5972K, committed 6092K, reserved 1048576K
}
Event: 13.821 GC heap before
{Heap before GC invocations=10 (full 0):
 garbage-first heap   total 196608K, used 136424K [0x0000000080000000, 0x0000000100000000)
  region size 1024K, 115 young (117760K), 13 survivors (13312K)
 Metaspace       used 52066K, capacity 53553K, committed 53836K, reserved 1095680K
  class space    used 6628K, capacity 7165K, committed 7244K, reserved 1048576K
}
Event: 13.851 GC heap after
{Heap after GC invocations=11 (full 0):
 garbage-first heap   total 196608K, used 41733K [0x0000000080000000, 0x0000000100000000)
  region size 1024K, 15 young (15360K), 15 survivors (15360K)
 Metaspace       used 52066K, capacity 53553K, committed 53836K, reserved 1095680K
  class space    used 6628K, capacity 7165K, committed 7244K, reserved 1048576K
}
Event: 16.512 GC heap before
{Heap before GC invocations=11 (full 0):
 garbage-first heap   total 196608K, used 144133K [0x0000000080000000, 0x0000000100000000)
  region size 1024K, 115 young (117760K), 15 survivors (15360K)
 Metaspace       used 63433K, capacity 64978K, committed 65228K, reserved 1105920K
  class space    used 8046K, capacity 8585K, committed 8652K, reserved 1048576K
}
Event: 16.545 GC heap after
{Heap after GC invocations=12 (full 0):
 garbage-first heap   total 236544K, used 49664K [0x0000000080000000, 0x0000000100000000)
  region size 1024K, 8 young (8192K), 8 survivors (8192K)
 Metaspace       used 63433K, capacity 64978K, committed 65228K, reserved 1105920K
  class space    used 8046K, capacity 8585K, committed 8652K, reserved 1048576K
}
Event: 19.140 GC heap before
{Heap before GC invocations=12 (full 0):
 garbage-first heap   total 236544K, used 168448K [0x0000000080000000, 0x0000000100000000)
  region size 1024K, 124 young (126976K), 8 survivors (8192K)
 Metaspace       used 71158K, capacity 72877K, committed 73164K, reserved 1112064K
  class space    used 9241K, capacity 9842K, committed 9932K, reserved 1048576K
}
Event: 19.165 GC heap after
{Heap after GC invocations=13 (full 0):
 garbage-first heap   total 236544K, used 57747K [0x0000000080000000, 0x0000000100000000)
  region size 1024K, 16 young (16384K), 16 survivors (16384K)
 Metaspace       used 71158K, capacity 72877K, committed 73164K, reserved 1112064K
  class space    used 9241K, capacity 9842K, committed 9932K, reserved 1048576K
}
Event: 19.545 GC heap before
{Heap before GC invocations=13 (full 0):
 garbage-first heap   total 236544K, used 76179K [0x0000000080000000, 0x0000000100000000)
  region size 1024K, 35 young (35840K), 16 survivors (16384K)
 Metaspace       used 73415K, capacity 75185K, committed 75340K, reserved 1114112K
  class space    used 9585K, capacity 10218K, committed 10316K, reserved 1048576K
}
Event: 19.578 GC heap after
{Heap after GC invocations=14 (full 0):
 garbage-first heap   total 236544K, used 59018K [0x0000000080000000, 0x0000000100000000)
  region size 1024K, 10 young (10240K), 10 survivors (10240K)
 Metaspace       used 73415K, capacity 75185K, committed 75340K, reserved 1114112K
  class space    used 9585K, capacity 10218K, committed 10316K, reserved 1048576K
}

